<?xml version="1.0" encoding="UTF-8"?>
<!-- Generated by org.testng.reporters.JUnitXMLReporter -->
<testsuite ignored="0" hostname="DESKTOP-K6529DD" failures="0" tests="3" name="Default test" time="0.838" errors="0" timestamp="11 10月 2018 10:45:27 GMT">
  <testcase classname="com.webtest.dataprovider.NSDataProvider" name="test1" time="0.01"/>
  <testcase classname="com.webtest.dataprovider.NSDataProvider" name="test1" time="0.0"/>
  <testcase classname="com.webtest.dataprovider.NSDataProvider" name="test1" time="0.0"/>
</testsuite> <!-- Default test -->
