<?xml version="1.0" encoding="UTF-8"?>
<testng-results ignored="3" total="4" passed="1" failed="0" skipped="0">
  <reporter-output>
  </reporter-output>
  <suite started-at="2018-10-31T08:29:37Z" name="Default suite" finished-at="2018-10-31T08:29:38Z" duration-ms="1431">
    <groups>
    </groups>
    <test started-at="2018-10-31T08:29:37Z" name="Default test" finished-at="2018-10-31T08:29:38Z" duration-ms="1431">
      <class name="com.edu.test.SkuListTest">
        <test-method signature="skulist1()[pri:0, instance:com.edu.test.SkuListTest@757acd7b]" started-at="2018-10-31T08:29:37Z" name="skulist1" description="获取所有商品的sku信息" finished-at="2018-10-31T08:29:38Z" duration-ms="1391" status="PASS">
          <reporter-output>
          </reporter-output>
        </test-method> <!-- skulist1 -->
      </class> <!-- com.edu.test.SkuListTest -->
    </test> <!-- Default test -->
  </suite> <!-- Default suite -->
</testng-results>
