<?xml version="1.0" encoding="UTF-8"?>
<!-- Generated by org.testng.reporters.JUnitXMLReporter -->
<testsuite ignored="0" hostname="DESKTOP-K6529DD" failures="0" tests="12" name="Regression1" time="2.264" errors="0" timestamp="31 10月 2018 02:54:13 GMT">
  <testcase classname="com.edu.test.LoginTest" name="loginFail" time="0.506"/>
  <testcase classname="com.edu.test.LoginTest" name="loginSuccess" time="0.183"/>
  <testcase classname="com.edu.test.SkuListTest" name="skulist1" time="0.11"/>
  <testcase classname="com.edu.test.SkuListTest" name="skulist2" time="0.09"/>
  <testcase classname="com.edu.test.SkuListTest" name="skulist3" time="0.09"/>
  <testcase classname="com.edu.test.SkuListTest" name="skulist5" time="0.098"/>
  <testcase classname="com.edu.test.SubmitTest" name="submitSuccess" time="0.226"/>
  <testcase classname="com.edu.test.GetTransportFeeTest" name="getFee" time="0.09"/>
  <testcase classname="com.edu.test.AddAddressTest" name="addAddressFail" time="0.212"/>
  <testcase classname="com.edu.test.AddAddressTest" name="addAddressSuccess" time="0.201"/>
  <testcase classname="com.edu.test.GetAddressTest" name="getAddressList" time="0.189"/>
  <testcase classname="com.edu.test.DeleteAddressTest" name="deleteAddress" time="0.221"/>
</testsuite> <!-- Regression1 -->
