<?xml version="1.0" encoding="UTF-8"?>
<!-- Generated by org.testng.reporters.JUnitReportReporter -->
<testsuite hostname="DESKTOP-K6529DD" failures="0" tests="10" name="com.edu.test.New" time="2.666" errors="0" timestamp="30 10月 2018 13:12:39 GMT" skipped="0">
  <testcase classname="com.edu.test.New" name="submit" time="0.216"/>
  <testcase classname="com.edu.test.New" name="submit" time="0.245"/>
  <testcase classname="com.edu.test.New" name="submit" time="0.207"/>
  <testcase classname="com.edu.test.New" name="submit" time="0.185"/>
  <testcase classname="com.edu.test.New" name="submit" time="0.696"/>
  <testcase classname="com.edu.test.New" name="submit" time="0.235"/>
  <testcase classname="com.edu.test.New" name="submit" time="0.206"/>
  <testcase classname="com.edu.test.New" name="submit" time="0.215"/>
  <testcase classname="com.edu.test.New" name="submit" time="0.235"/>
  <testcase classname="com.edu.test.New" name="submit" time="0.226"/>
</testsuite> <!-- com.edu.test.New -->
