<?xml version="1.0" encoding="UTF-8"?>
<!-- Generated by org.testng.reporters.JUnitReportReporter -->
<testsuite hostname="DESKTOP-K6529DD" failures="0" tests="2" name="com.edu.test.AddAddressTest" time="0.413" errors="0" timestamp="31 10月 2018 02:54:14 GMT" skipped="0">
  <testcase classname="com.edu.test.AddAddressTest" name="addAddressSuccess" time="0.201"/>
  <testcase classname="com.edu.test.AddAddressTest" name="addAddressFail" time="0.212"/>
</testsuite> <!-- com.edu.test.AddAddressTest -->
