<?xml version="1.0" encoding="UTF-8"?>
<!-- Generated by org.testng.reporters.JUnitReportReporter -->
<testsuite hostname="DESKTOP-K6529DD" failures="0" tests="10" name="com.edu.test.SubmitMoreTest" time="2.689" errors="0" timestamp="30 10月 2018 11:55:54 GMT" skipped="0">
  <testcase classname="com.edu.test.SubmitMoreTest" name="submitSuccess" time="0.240"/>
  <testcase classname="com.edu.test.SubmitMoreTest" name="submitSuccess" time="0.220"/>
  <testcase classname="com.edu.test.SubmitMoreTest" name="submitSuccess" time="0.220"/>
  <testcase classname="com.edu.test.SubmitMoreTest" name="submitSuccess" time="0.706"/>
  <testcase classname="com.edu.test.SubmitMoreTest" name="submitSuccess" time="0.230"/>
  <testcase classname="com.edu.test.SubmitMoreTest" name="submitSuccess" time="0.240"/>
  <testcase classname="com.edu.test.SubmitMoreTest" name="submitSuccess" time="0.228"/>
  <testcase classname="com.edu.test.SubmitMoreTest" name="submitSuccess" time="0.219"/>
  <testcase classname="com.edu.test.SubmitMoreTest" name="submitSuccess" time="0.191"/>
  <testcase classname="com.edu.test.SubmitMoreTest" name="submitSuccess" time="0.195"/>
</testsuite> <!-- com.edu.test.SubmitMoreTest -->
