<?xml version="1.0" encoding="UTF-8"?>
<!-- Generated by org.testng.reporters.JUnitReportReporter -->
<testsuite hostname="DESKTOP-K6529DD" failures="0" tests="3" name="com.webtest.dataprovider.NSDataProvider" time="0.010" errors="0" timestamp="11 10月 2018 10:45:27 GMT" skipped="0">
  <testcase classname="com.webtest.dataprovider.NSDataProvider" name="test1" time="0.010"/>
  <testcase classname="com.webtest.dataprovider.NSDataProvider" name="test1" time="0.000"/>
  <testcase classname="com.webtest.dataprovider.NSDataProvider" name="test1" time="0.000"/>
</testsuite> <!-- com.webtest.dataprovider.NSDataProvider -->
