<?xml version="1.0" encoding="UTF-8"?>
<testng-results ignored="0" total="3" passed="3" failed="0" skipped="0">
  <reporter-output>
  </reporter-output>
  <suite started-at="2018-10-11T10:45:26Z" name="Default suite" finished-at="2018-10-11T10:45:27Z" duration-ms="838">
    <groups>
    </groups>
    <test started-at="2018-10-11T10:45:26Z" name="Default test" finished-at="2018-10-11T10:45:27Z" duration-ms="838">
      <class name="com.webtest.dataprovider.NSDataProvider">
        <test-method signature="test1(java.lang.String, java.lang.String, java.lang.String, java.lang.String, java.lang.String, java.lang.String, java.lang.String, java.lang.String, java.lang.String)[pri:0, instance:com.webtest.dataprovider.NSDataProvider@618425b5]" started-at="2018-10-11T10:45:27Z" name="test1" data-provider="excel" finished-at="2018-10-11T10:45:27Z" duration-ms="10" status="PASS">
          <params>
            <param index="0">
              <value>
                <![CDATA[jiajia]]>
              </value>
            </param>
            <param index="1">
              <value>
                <![CDATA[tete]]>
              </value>
            </param>
            <param index="2">
              <value>
                <![CDATA[wr]]>
              </value>
            </param>
            <param index="3">
              <value>
                <![CDATA[hanbin]]>
              </value>
            </param>
            <param index="4">
              <value>
                <![CDATA[China]]>
              </value>
            </param>
            <param index="5">
              <value>
                <![CDATA[Chinese]]>
              </value>
            </param>
            <param index="6">
              <value>
                <![CDATA[e]]>
              </value>
            </param>
            <param index="7">
              <value>
                <![CDATA[E:\\asd.jpg]]>
              </value>
            </param>
            <param index="8">
              <value>
                <![CDATA[r]]>
              </value>
            </param>
          </params>
          <reporter-output>
          </reporter-output>
        </test-method> <!-- test1 -->
        <test-method signature="test1(java.lang.String, java.lang.String, java.lang.String, java.lang.String, java.lang.String, java.lang.String, java.lang.String, java.lang.String, java.lang.String)[pri:0, instance:com.webtest.dataprovider.NSDataProvider@618425b5]" started-at="2018-10-11T10:45:27Z" name="test1" data-provider="excel" finished-at="2018-10-11T10:45:27Z" duration-ms="0" status="PASS">
          <params>
            <param index="0">
              <value>
                <![CDATA[jiajiajia]]>
              </value>
            </param>
            <param index="1">
              <value>
                <![CDATA[tetetete]]>
              </value>
            </param>
            <param index="2">
              <value>
                <![CDATA[wenr]]>
              </value>
            </param>
            <param index="3">
              <value>
                <![CDATA[hanbin1]]>
              </value>
            </param>
            <param index="4">
              <value>
                <![CDATA[China]]>
              </value>
            </param>
            <param index="5">
              <value>
                <![CDATA[Chinese]]>
              </value>
            </param>
            <param index="6">
              <value>
                <![CDATA[e]]>
              </value>
            </param>
            <param index="7">
              <value>
                <![CDATA[E:\\asd.jpg]]>
              </value>
            </param>
            <param index="8">
              <value>
                <![CDATA[rr]]>
              </value>
            </param>
          </params>
          <reporter-output>
          </reporter-output>
        </test-method> <!-- test1 -->
        <test-method signature="test1(java.lang.String, java.lang.String, java.lang.String, java.lang.String, java.lang.String, java.lang.String, java.lang.String, java.lang.String, java.lang.String)[pri:0, instance:com.webtest.dataprovider.NSDataProvider@618425b5]" started-at="2018-10-11T10:45:27Z" name="test1" data-provider="excel" finished-at="2018-10-11T10:45:27Z" duration-ms="0" status="PASS">
          <params>
            <param index="0">
              <value>
                <![CDATA[jiaj]]>
              </value>
            </param>
            <param index="1">
              <value>
                <![CDATA[tetee]]>
              </value>
            </param>
            <param index="2">
              <value>
                <![CDATA[wenran]]>
              </value>
            </param>
            <param index="3">
              <value>
                <![CDATA[hanbin2]]>
              </value>
            </param>
            <param index="4">
              <value>
                <![CDATA[England]]>
              </value>
            </param>
            <param index="5">
              <value>
                <![CDATA[Chinese]]>
              </value>
            </param>
            <param index="6">
              <value>
                <![CDATA[e]]>
              </value>
            </param>
            <param index="7">
              <value>
                <![CDATA[E:\\asd.jpg]]>
              </value>
            </param>
            <param index="8">
              <value>
                <![CDATA[rrr]]>
              </value>
            </param>
          </params>
          <reporter-output>
          </reporter-output>
        </test-method> <!-- test1 -->
      </class> <!-- com.webtest.dataprovider.NSDataProvider -->
    </test> <!-- Default test -->
  </suite> <!-- Default suite -->
</testng-results>
