<?xml version="1.0" encoding="UTF-8"?>
<!-- Generated by org.testng.reporters.JUnitXMLReporter -->
<testsuite ignored="3" hostname="DESKTOP-K6529DD" failures="0" tests="1" name="Default test" time="1.431" errors="0" timestamp="31 10月 2018 08:29:38 GMT">
  <testcase classname="com.edu.test.SkuListTest" name="skulist1" time="1.391"/>
  <testcase classname="com.edu.test.SkuListTest" name="skulist3" time="0.0">
    <ignored/>
  </testcase> <!-- skulist3 -->
  <testcase classname="com.edu.test.SkuListTest" name="skulist5" time="0.0">
    <ignored/>
  </testcase> <!-- skulist5 -->
  <testcase classname="com.edu.test.SkuListTest" name="skulist2" time="0.0">
    <ignored/>
  </testcase> <!-- skulist2 -->
</testsuite> <!-- Default test -->
